<?xml version="1.0" encoding="UTF-8"?>
<!-- Generated by org.testng.reporters.JUnitReportReporter -->
<testsuite skipped="0" hostname="DESKTOP-ADC5SDR" name="com.actitime.testScript.LoginPage" tests="1" failures="0" timestamp="09 Mar 2019 14:41:53 GMT" time="38.257" errors="0">
  <testcase name="VerifyPageHomePageTitle" time="38.257" classname="com.actitime.testScript.LoginPage"/>
</testsuite> <!-- com.actitime.testScript.LoginPage -->
