<?xml version="1.0" encoding="UTF-8"?>
<!-- Generated by org.testng.reporters.JUnitReportReporter -->
<testsuite skipped="0" hostname="DESKTOP-ADC5SDR" name="com.SpaSelenium.testScript.organizationPage" tests="1" failures="0" timestamp="26 Mar 2019 01:34:50 GMT" time="20.235" errors="0">
  <testcase name="organizationPageShouldDisplyed" time="20.235" classname="com.SpaSelenium.testScript.organizationPage"/>
</testsuite> <!-- com.SpaSelenium.testScript.organizationPage -->
