<?xml version="1.0" encoding="UTF-8"?>
<!-- Generated by org.testng.reporters.JUnitReportReporter -->
<testsuite skipped="0" hostname="DESKTOP-ADC5SDR" name="com.acttime.generic.lib.BaseClass" tests="1" failures="0" timestamp="08 Mar 2019 18:31:16 GMT" time="0.016" errors="0">
  <testcase name="Ram" time="0.016" classname="com.acttime.generic.lib.BaseClass"/>
</testsuite> <!-- com.acttime.generic.lib.BaseClass -->
