<?xml version="1.0" encoding="UTF-8"?>
<!-- Generated by org.testng.reporters.JUnitReportReporter -->
<testsuite skipped="0" hostname="DESKTOP-ADC5SDR" name="com.actitime.testScript.HomPageTest" tests="1" failures="0" timestamp="10 Mar 2019 03:28:40 GMT" time="57.038" errors="0">
  <testcase name="corporateNameEditDropDown" time="57.038" classname="com.actitime.testScript.HomPageTest"/>
</testsuite> <!-- com.actitime.testScript.HomPageTest -->
