<?xml version="1.0" encoding="UTF-8"?>
<!-- Generated by org.testng.reporters.JUnitReportReporter -->
<testsuite skipped="0" hostname="DESKTOP-ADC5SDR" name="com.SpaSelenium.testScript.LoginPageTest" tests="1" failures="0" timestamp="26 Mar 2019 01:34:50 GMT" time="16.133" errors="0">
  <testcase name="VerifyPageHomePageTitle" time="16.133" classname="com.SpaSelenium.testScript.LoginPageTest"/>
</testsuite> <!-- com.SpaSelenium.testScript.LoginPageTest -->
