<?xml version="1.0" encoding="UTF-8"?>
<!-- Generated by org.testng.reporters.JUnitReportReporter -->
<testsuite skipped="0" hostname="DESKTOP-ADC5SDR" name="com.acttime.generic.lib.TestCaseP" tests="1" failures="0" timestamp="09 Mar 2019 14:08:59 GMT" time="29.594" errors="0">
  <testcase name="Runthe" time="29.594" classname="com.acttime.generic.lib.TestCaseP"/>
</testsuite> <!-- com.acttime.generic.lib.TestCaseP -->
